<?xml version="1.0" encoding="UTF-8"?>
<!-- Generated by org.testng.reporters.JUnitXMLReporter -->
<testsuite hostname="ShinyPC" ignored="0" name="Salesforce Test" tests="1" failures="1" timestamp="2020-10-20T00:13:04 CDT" time="7.815" errors="0">
  <testcase name="LoginToWebsite" time="0.004" classname="com.ta.salesforce.testcases.TC_Login">
    <failure type="java.lang.NullPointerException">
      <![CDATA[java.lang.NullPointerException
at com.ta.salesforce.pageobjects.loginPage.LoginToWebsite(loginPage.java:47)
at com.ta.salesforce.testcases.TC_Login.LoginToWebsite(TC_Login.java:24)
at java.util.ArrayList.forEach(Unknown Source)
... Removed 27 stack frames]]>
    </failure>
  </testcase> <!-- LoginToWebsite -->
</testsuite> <!-- Salesforce Test -->
