<?xml version="1.0" encoding="UTF-8"?>
<testng-results skipped="0" failed="1" ignored="0" total="1" passed="0">
  <reporter-output>
  </reporter-output>
  <suite name="Default suite" duration-ms="16232" started-at="2020-10-22T03:06:43 CDT" finished-at="2020-10-22T03:06:59 CDT">
    <groups>
    </groups>
    <test name="Default test" duration-ms="16232" started-at="2020-10-22T03:06:43 CDT" finished-at="2020-10-22T03:06:59 CDT">
      <class name="com.ta.salesforce.testcases.TC_Login">
        <test-method status="PASS" signature="triggerDependency()[pri:0, instance:com.ta.salesforce.testcases.TC_Login@51e2adc7]" name="triggerDependency" is-config="true" duration-ms="46" started-at="2020-10-22T03:06:43 CDT" finished-at="2020-10-22T03:06:43 CDT">
          <reporter-output>
          </reporter-output>
        </test-method> <!-- triggerDependency -->
        <test-method status="PASS" signature="setup()[pri:0, instance:com.ta.salesforce.testcases.TC_Login@51e2adc7]" name="setup" is-config="true" duration-ms="10924" started-at="2020-10-22T03:06:43 CDT" finished-at="2020-10-22T03:06:54 CDT">
          <reporter-output>
          </reporter-output>
        </test-method> <!-- setup -->
        <test-method status="FAIL" signature="LoginToWebsite()[pri:0, instance:com.ta.salesforce.testcases.TC_Login@51e2adc7]" name="LoginToWebsite" duration-ms="3005" started-at="2020-10-22T03:06:54 CDT" finished-at="2020-10-22T03:06:57 CDT">
          <exception class="java.lang.NullPointerException">
            <full-stacktrace>
              <![CDATA[java.lang.NullPointerException
at com.ta.salesforce.pageobjects.loginPage.LoginToWebsite(loginPage.java:48)
at com.ta.salesforce.testcases.TC_Login.LoginToWebsite(TC_Login.java:24)
at sun.reflect.NativeMethodAccessorImpl.invoke0(Native Method)
at sun.reflect.NativeMethodAccessorImpl.invoke(Unknown Source)
at sun.reflect.DelegatingMethodAccessorImpl.invoke(Unknown Source)
at java.lang.reflect.Method.invoke(Unknown Source)
at org.testng.internal.MethodInvocationHelper.invokeMethod(MethodInvocationHelper.java:132)
at org.testng.internal.TestInvoker.invokeMethod(TestInvoker.java:599)
at org.testng.internal.TestInvoker.invokeTestMethod(TestInvoker.java:174)
at org.testng.internal.MethodRunner.runInSequence(MethodRunner.java:46)
at org.testng.internal.TestInvoker$MethodInvocationAgent.invoke(TestInvoker.java:822)
at org.testng.internal.TestInvoker.invokeTestMethods(TestInvoker.java:147)
at org.testng.internal.TestMethodWorker.invokeTestMethods(TestMethodWorker.java:146)
at org.testng.internal.TestMethodWorker.run(TestMethodWorker.java:128)
at java.util.ArrayList.forEach(Unknown Source)
at org.testng.TestRunner.privateRun(TestRunner.java:764)
at org.testng.TestRunner.run(TestRunner.java:585)
at org.testng.SuiteRunner.runTest(SuiteRunner.java:384)
at org.testng.SuiteRunner.runSequentially(SuiteRunner.java:378)
at org.testng.SuiteRunner.privateRun(SuiteRunner.java:337)
at org.testng.SuiteRunner.run(SuiteRunner.java:286)
at org.testng.SuiteRunnerWorker.runSuite(SuiteRunnerWorker.java:53)
at org.testng.SuiteRunnerWorker.run(SuiteRunnerWorker.java:96)
at org.testng.TestNG.runSuitesSequentially(TestNG.java:1218)
at org.testng.TestNG.runSuitesLocally(TestNG.java:1140)
at org.testng.TestNG.runSuites(TestNG.java:1069)
at org.testng.TestNG.run(TestNG.java:1037)
at org.testng.remote.AbstractRemoteTestNG.run(AbstractRemoteTestNG.java:115)
at org.testng.remote.RemoteTestNG.initAndRun(RemoteTestNG.java:251)
at org.testng.remote.RemoteTestNG.main(RemoteTestNG.java:77)
]]>
            </full-stacktrace>
          </exception> <!-- java.lang.NullPointerException -->
          <reporter-output>
          </reporter-output>
        </test-method> <!-- LoginToWebsite -->
        <test-method status="PASS" signature="teardown()[pri:0, instance:com.ta.salesforce.testcases.TC_Login@51e2adc7]" name="teardown" is-config="true" duration-ms="2219" started-at="2020-10-22T03:06:57 CDT" finished-at="2020-10-22T03:06:59 CDT">
          <reporter-output>
          </reporter-output>
        </test-method> <!-- teardown -->
      </class> <!-- com.ta.salesforce.testcases.TC_Login -->
    </test> <!-- Default test -->
  </suite> <!-- Default suite -->
</testng-results>
